[debug] > Exec(early(addDefaultCommands), None, None)
[debug] > Exec(addDefaultCommands, None, None)
[debug] > Exec(early(initialize), None, None)
[debug] > Exec(initialize, None, None)
[debug] > Exec(boot, None, None)
[debug] > Exec(writeSbtVersion, None, None)
[debug] > Exec(reload, None, None)
[debug] > Exec(sbtStashOnFailure, None, None)
[debug] > Exec(onFailure loadFailed, None, None)
[debug] > Exec(loadp, None, None)
[info] welcome to sbt 1.10.0 (Oracle Corporation Java 22)
[debug] Load.defaultLoad until apply took 896.4708ms
[debug]           Load.loadUnit: plugins took 359.2295ms
[debug]           Load.loadUnit: defsScala took 0.7365ms
[debug] [Loading] Scanning directory D:\VINAY\Devs\Git-Repo\Dev-Takeaway\backend\scala-init\Scala-init\project
[debug] [Loading] Found non-root projects 
[debug] [Loading] Done in D:\VINAY\Devs\Git-Repo\Dev-Takeaway\backend\scala-init\Scala-init\project, returning: ()
[debug] deducing auto plugins based on known facts Set(Atom(sbt.plugins.CorePlugin)) and clauses Clauses(Clause(Atom(sbt.plugins.JvmPlugin),Set(Atom(sbt.plugins.IvyPlugin)))
[debug] Clause(Atom(sbt.ScriptedPlugin),Set(Atom(sbt.plugins.JvmPlugin)))
[debug] Clause(Atom(sbt.plugins.SbtPlugin),Set(Atom(sbt.ScriptedPlugin)))
[debug] Clause(Atom(sbt.plugins.SemanticdbPlugin),Set(Atom(sbt.plugins.JvmPlugin)))
[debug] Clause(Atom(sbt.plugins.JUnitXmlReportPlugin),Set(Atom(sbt.plugins.JvmPlugin)))
[debug] Clause(Atom(sbt.plugins.MiniDependencyTreePlugin),Set(Atom(sbt.plugins.JvmPlugin)))
[debug] Clause(Atom(sbt.plugins.CorePlugin),Set(Atom(sbt.plugins.IvyPlugin)))
[debug] Clause(Atom(sbt.plugins.IvyPlugin),Set(Atom(sbt.plugins.JvmPlugin)))
[debug] Clause(Atom(sbt.plugins.JvmPlugin),Set(Atom(sbt.plugins.SemanticdbPlugin)))
[debug] Clause(Atom(sbt.plugins.JvmPlugin),Set(Atom(sbt.plugins.JUnitXmlReportPlugin)))
[debug] Clause(Atom(sbt.plugins.CorePlugin),Set(Atom(sbt.plugins.Giter8TemplatePlugin)))
[debug] Clause(Atom(sbt.plugins.JvmPlugin),Set(Atom(sbt.plugins.MiniDependencyTreePlugin))))
[debug]   :: deduced result: Matched(sbt.plugins.CorePlugin,sbt.plugins.Giter8TemplatePlugin,sbt.plugins.IvyPlugin,sbt.plugins.JvmPlugin,sbt.plugins.MiniDependencyTreePlugin,sbt.plugins.JUnitXmlReportPlugin,sbt.plugins.SemanticdbPlugin)
[debug] Plugins.deducer#function took 63.6255 ms
[debug]               Load.resolveProject(scala-init-build) took 156.3754ms
[debug]             Load.loadTransitive: finalizeProject(Project(id scala-init-build, base: D:\VINAY\Devs\Git-Repo\Dev-Takeaway\backend\scala-init\Scala-init\project, plugins: List(<none>))) took 301.7112ms
[debug] [Loading] Done in D:\VINAY\Devs\Git-Repo\Dev-Takeaway\backend\scala-init\Scala-init\project, returning: (scala-init-build)
[debug]           Load.loadUnit: loadedProjectsRaw took 390.3892ms
[debug]           Load.loadUnit: cleanEvalClasses took 0.5809ms
[debug]         Load.loadUnit(file:/D:/VINAY/Devs/Git-Repo/Dev-Takeaway/backend/scala-init/Scala-init/project/, ...) took 780.948ms
[debug]       Load.apply: load took 1361.6762ms
[debug]       Load.apply: resolveProjects took 27.1761ms
[debug]       Load.apply: finalTransforms took 450.4386ms
[debug]       Load.apply: config.delegates took 24.879ms
[debug]       Load.apply: Def.make(settings)... took 3564.9568ms
[debug]       Load.apply: structureIndex took 869.3087ms
[debug]       Load.apply: mkStreams took 2.647ms
[info] loading project definition from D:\VINAY\Devs\Git-Repo\Dev-Takeaway\backend\scala-init\Scala-init\project
[debug] Running task... Cancel: Signal, check cycles: false, forcegc: true
[debug]     Load.loadUnit: plugins took 12008.7183ms
[debug]     Load.loadUnit: defsScala took 0.0096ms
[debug] [Loading] Scanning directory D:\VINAY\Devs\Git-Repo\Dev-Takeaway\backend\scala-init\Scala-init
[debug]       Load.loadUnit: mkEval took 15.1606ms
[debug] [Loading] Found non-root projects 
[debug] [Loading] Done in D:\VINAY\Devs\Git-Repo\Dev-Takeaway\backend\scala-init\Scala-init, returning: ()
[debug] deducing auto plugins based on known facts Set(Atom(sbt.plugins.CorePlugin)) and clauses Clauses(Clause(Atom(sbt.plugins.JvmPlugin),Set(Atom(sbt.plugins.IvyPlugin)))
[debug] Clause(Atom(sbt.ScriptedPlugin),Set(Atom(sbt.plugins.JvmPlugin)))
[debug] Clause(Atom(sbt.plugins.SbtPlugin),Set(Atom(sbt.ScriptedPlugin)))
[debug] Clause(Atom(sbt.plugins.SemanticdbPlugin),Set(Atom(sbt.plugins.JvmPlugin)))
[debug] Clause(Atom(sbt.plugins.JUnitXmlReportPlugin),Set(Atom(sbt.plugins.JvmPlugin)))
[debug] Clause(Atom(sbt.plugins.MiniDependencyTreePlugin),Set(Atom(sbt.plugins.JvmPlugin)))
[debug] Clause(Atom(sbt.plugins.CorePlugin),Set(Atom(sbt.plugins.IvyPlugin)))
[debug] Clause(Atom(sbt.plugins.IvyPlugin),Set(Atom(sbt.plugins.JvmPlugin)))
[debug] Clause(Atom(sbt.plugins.JvmPlugin),Set(Atom(sbt.plugins.SemanticdbPlugin)))
[debug] Clause(Atom(sbt.plugins.JvmPlugin),Set(Atom(sbt.plugins.JUnitXmlReportPlugin)))
[debug] Clause(Atom(sbt.plugins.CorePlugin),Set(Atom(sbt.plugins.Giter8TemplatePlugin)))
[debug] Clause(Atom(sbt.plugins.JvmPlugin),Set(Atom(sbt.plugins.MiniDependencyTreePlugin))))
[debug]   :: deduced result: Matched(sbt.plugins.CorePlugin,sbt.plugins.Giter8TemplatePlugin,sbt.plugins.IvyPlugin,sbt.plugins.JvmPlugin,sbt.plugins.MiniDependencyTreePlugin,sbt.plugins.JUnitXmlReportPlugin,sbt.plugins.SemanticdbPlugin)
[debug] Plugins.deducer#function took 7.2741 ms
[info] loading settings for project scala-init from build.sbt ...
[debug]         Load.resolveProject(scala-init) took 38.4962ms
[debug]       Load.loadTransitive: finalizeProject(Project(id scala-init, base: D:\VINAY\Devs\Git-Repo\Dev-Takeaway\backend\scala-init\Scala-init, plugins: List(<none>))) took 46.9431ms
[debug] [Loading] Done in D:\VINAY\Devs\Git-Repo\Dev-Takeaway\backend\scala-init\Scala-init, returning: (scala-init)
[debug]     Load.loadUnit: loadedProjectsRaw took 14397.2591ms
[debug]     Load.loadUnit: cleanEvalClasses took 140.1876ms
[debug]   Load.loadUnit(file:/D:/VINAY/Devs/Git-Repo/Dev-Takeaway/backend/scala-init/Scala-init/, ...) took 26554.3149ms
[debug] Load.apply: load took 26665.4066ms
[debug] Load.apply: resolveProjects took 1.4892ms
[debug] Load.apply: finalTransforms took 288.6555ms
[debug] Load.apply: config.delegates took 5.625ms
[debug] Load.apply: Def.make(settings)... took 1055.7024ms
[debug] Load.apply: structureIndex took 145.4962ms
[debug] Load.apply: mkStreams took 0.0033ms
[info] set current project to SparkExample (in build file:/D:/VINAY/Devs/Git-Repo/Dev-Takeaway/backend/scala-init/Scala-init/)
[debug] > Exec(sbtPopOnFailure, None, None)
[debug] > Exec(resumeFromFailure, None, None)
[debug] > Exec(notifyUsersAboutShell, None, None)
[debug] > Exec(iflast shell, None, None)
[debug] > Exec(shell, None, None)
[info] 
[info] Here are some highlights of sbt 1.10.0:
[info]   - SIP-51 support for Scala 2.13 evolution
[info]   - Various Zinc fixes
[info]   - ConsistentAnalysisFormat: new Zinc Analysis serialization
[info]   - CommandProgress API
[info] See https://eed3si9n.com/sbt-1.10.0 for full release notes.
[info] Hide the banner for this release by running `skipBanner`.
[info] sbt server started at local:sbt-server-a2e061e41a6932379f2e
[debug] Writing bsp connection file
[info] started sbt server
